{
  "stats": {
    "suites": 1,
    "tests": 2,
    "passes": 1,
    "pending": 0,
    "failures": 1,
    "start": "2021-07-22T23:09:05.919Z",
    "end": "2021-07-22T23:09:11.874Z",
    "duration": 5955,
    "testsRegistered": 2,
    "passPercent": 50,
    "pendingPercent": 0,
    "other": 0,
    "hasOther": false,
    "skipped": 0,
    "hasSkipped": false
  },
  "results": [
    {
      "uuid": "cc34d62c-d412-45de-ae57-775362f40a04",
      "title": "",
      "fullFile": "cypress/integration/developerMode.spec.js",
      "file": "cypress/integration/developerMode.spec.js",
      "beforeHooks": [],
      "afterHooks": [],
      "tests": [],
      "suites": [
        {
          "uuid": "99c87bdc-9b8b-4c16-91b2-c03922393f12",
          "title": "3 - Verifica os multi-ambientes e modo de desenvolvimento",
          "fullFile": "",
          "file": "",
          "beforeHooks": [],
          "afterHooks": [],
          "tests": [
            {
              "title": "Será validado que a tag de desenvolvimento foi encontrada no frontend de desenvolvimento",
              "fullTitle": "3 - Verifica os multi-ambientes e modo de desenvolvimento Será validado que a tag de desenvolvimento foi encontrada no frontend de desenvolvimento",
              "timedOut": null,
              "duration": 2675,
              "state": "passed",
              "speed": "slow",
              "pass": true,
              "fail": false,
              "pending": false,
              "context": null,
              "code": "cy.visit(FRONT_URL);\ncy.contains(\"Em desenvolvimento\").should(\"exist\");",
              "err": {},
              "uuid": "d5cd6c04-5a1b-4e7d-a36f-f6a094cdfb67",
              "parentUUID": "99c87bdc-9b8b-4c16-91b2-c03922393f12",
              "isHook": false,
              "skipped": false
            },
            {
              "title": "Será validado que a tag de desenvolvimento não existe no frontend de produção",
              "fullTitle": "3 - Verifica os multi-ambientes e modo de desenvolvimento Será validado que a tag de desenvolvimento não existe no frontend de produção",
              "timedOut": null,
              "duration": 801,
              "state": "failed",
              "speed": null,
              "pass": false,
              "fail": true,
              "pending": false,
              "context": null,
              "code": "cy.visit(FRONT_URL_PROD);\ncy.contains(\"Em desenvolvimento\").should(\"not.exist\");",
              "err": {
                "message": "CypressError: `cy.visit()` failed trying to load:\n\nhttps://johnealves-pd.herokuapp.com/.\n\nThe response we received from your web server was:\n\n  > 503: Service Unavailable\n\nThis was considered a failure because the status code was not `2xx`.\n\nIf you do not want status codes to cause failures pass the option: `failOnStatusCode: false`",
                "estack": "CypressError: `cy.visit()` failed trying to load:\n\nhttps://johnealves-pd.herokuapp.com/.\n\nThe response we received from your web server was:\n\n  > 503: Service Unavailable\n\nThis was considered a failure because the status code was not `2xx`.\n\nIf you do not want status codes to cause failures pass the option: `failOnStatusCode: false`\n    at https://johnealves-ft.herokuapp.com/__cypress/runner/cypress_runner.js:158062:25\n    at visitFailedByErr (https://johnealves-ft.herokuapp.com/__cypress/runner/cypress_runner.js:157432:12)\n    at https://johnealves-ft.herokuapp.com/__cypress/runner/cypress_runner.js:158042:13\n    at tryCatcher (https://johnealves-ft.herokuapp.com/__cypress/runner/cypress_runner.js:10325:23)\n    at Promise._settlePromiseFromHandler (https://johnealves-ft.herokuapp.com/__cypress/runner/cypress_runner.js:8260:31)\n    at Promise._settlePromise (https://johnealves-ft.herokuapp.com/__cypress/runner/cypress_runner.js:8317:18)\n    at Promise._settlePromise0 (https://johnealves-ft.herokuapp.com/__cypress/runner/cypress_runner.js:8362:10)\n    at Promise._settlePromises (https://johnealves-ft.herokuapp.com/__cypress/runner/cypress_runner.js:8438:18)\n    at _drainQueueStep (https://johnealves-ft.herokuapp.com/__cypress/runner/cypress_runner.js:5032:12)\n    at _drainQueue (https://johnealves-ft.herokuapp.com/__cypress/runner/cypress_runner.js:5025:9)\n    at Async.../../node_modules/bluebird/js/release/async.js.Async._drainQueues (https://johnealves-ft.herokuapp.com/__cypress/runner/cypress_runner.js:5041:5)\n    at Async.drainQueues (https://johnealves-ft.herokuapp.com/__cypress/runner/cypress_runner.js:4911:14)\nFrom Your Spec Code:\n    at Context.eval (https://johnealves-ft.herokuapp.com/__cypress/tests?p=cypress/integration/developerMode.spec.js:107:8)",
                "diff": null
              },
              "uuid": "eca49309-9f4b-4cbb-a8d4-b76622c1d076",
              "parentUUID": "99c87bdc-9b8b-4c16-91b2-c03922393f12",
              "isHook": false,
              "skipped": false
            }
          ],
          "suites": [],
          "passes": [
            "d5cd6c04-5a1b-4e7d-a36f-f6a094cdfb67"
          ],
          "failures": [
            "eca49309-9f4b-4cbb-a8d4-b76622c1d076"
          ],
          "pending": [],
          "skipped": [],
          "duration": 3476,
          "root": false,
          "rootEmpty": false,
          "_timeout": 2000
        }
      ],
      "passes": [],
      "failures": [],
      "pending": [],
      "skipped": [],
      "duration": 0,
      "root": true,
      "rootEmpty": true,
      "_timeout": 2000
    }
  ],
  "meta": {
    "mocha": {
      "version": "7.0.1"
    },
    "mochawesome": {
      "options": {
        "quiet": false,
        "reportFilename": "mochawesome",
        "saveHtml": false,
        "saveJson": true,
        "consoleReporter": "spec",
        "useInlineDiffs": false
      },
      "version": "4.1.0"
    },
    "marge": {
      "options": {
        "id": "default",
        "reportDir": "cypress/reports",
        "overwrite": false,
        "html": false,
        "json": true
      },
      "version": "4.1.0"
    }
  }
}