{
  "stats": {
    "suites": 1,
    "tests": 4,
    "passes": 4,
    "pending": 0,
    "failures": 0,
    "start": "2021-07-29T17:03:42.864Z",
    "end": "2021-07-29T17:03:47.659Z",
    "duration": 4795,
    "testsRegistered": 4,
    "passPercent": 100,
    "pendingPercent": 0,
    "other": 0,
    "hasOther": false,
    "skipped": 0,
    "hasSkipped": false
  },
  "results": [
    {
      "uuid": "a40111f2-a9ba-4272-84b7-e51370239e40",
      "title": "",
      "fullFile": "cypress/integration/herokuDeploy.spec.js",
      "file": "cypress/integration/herokuDeploy.spec.js",
      "beforeHooks": [],
      "afterHooks": [],
      "tests": [],
      "suites": [
        {
          "uuid": "17935394-b90f-40ab-abd7-7d2a63b0bb8e",
          "title": "1 - Verifica se foi feito o deploy do frontend no Heroku",
          "fullFile": "",
          "file": "",
          "beforeHooks": [],
          "afterHooks": [],
          "tests": [
            {
              "title": "Será validado que o botão de mudar de realidade existe",
              "fullTitle": "1 - Verifica se foi feito o deploy do frontend no Heroku Será validado que o botão de mudar de realidade existe",
              "timedOut": null,
              "duration": 1296,
              "state": "passed",
              "speed": "slow",
              "pass": true,
              "fail": false,
              "pending": false,
              "context": null,
              "code": "cy.get(\".change-reality\").should(\"exist\");",
              "err": {},
              "uuid": "baa62195-df20-493d-84c6-d9482c0dbc70",
              "parentUUID": "17935394-b90f-40ab-abd7-7d2a63b0bb8e",
              "isHook": false,
              "skipped": false
            },
            {
              "title": "Será validado que a pesquisa funciona como deveria",
              "fullTitle": "1 - Verifica se foi feito o deploy do frontend no Heroku Será validado que a pesquisa funciona como deveria",
              "timedOut": null,
              "duration": 813,
              "state": "passed",
              "speed": "slow",
              "pass": true,
              "fail": false,
              "pending": false,
              "context": null,
              "code": "cy.contains(PESQUISAR).click();\ncy.contains(MARTIN).should(\"exist\");",
              "err": {},
              "uuid": "31bcfa81-e191-4e60-b796-b2aed81a8b27",
              "parentUUID": "17935394-b90f-40ab-abd7-7d2a63b0bb8e",
              "isHook": false,
              "skipped": false
            },
            {
              "title": "Será validado que o botão de mudar de realidade funciona.",
              "fullTitle": "1 - Verifica se foi feito o deploy do frontend no Heroku Será validado que o botão de mudar de realidade funciona.",
              "timedOut": null,
              "duration": 917,
              "state": "passed",
              "speed": "slow",
              "pass": true,
              "fail": false,
              "pending": false,
              "context": null,
              "code": "cy.contains(\"Mudar de Realidade\").click();\ncy.contains(PESQUISAR).click();\ncy.contains(INVERTED_MARTIN).should(\"exist\");",
              "err": {},
              "uuid": "71c51676-bece-4cb6-9903-8159b5f6225d",
              "parentUUID": "17935394-b90f-40ab-abd7-7d2a63b0bb8e",
              "isHook": false,
              "skipped": false
            },
            {
              "title": "Será validado que os botões de próxima página e página anterior funcionam",
              "fullTitle": "1 - Verifica se foi feito o deploy do frontend no Heroku Será validado que os botões de próxima página e página anterior funcionam",
              "timedOut": null,
              "duration": 777,
              "state": "passed",
              "speed": "slow",
              "pass": true,
              "fail": false,
              "pending": false,
              "context": null,
              "code": "cy.contains(PESQUISAR).click();\ncy.contains(MARTIN).should(\"exist\");\ncy.contains(\"Próximo\").click();\ncy.contains(\"2\").should(\"exist\");\ncy.contains(Claudia).should(\"exist\");\ncy.contains(\"Anterior\").click();\ncy.contains(\"1\").should(\"exist\");\ncy.contains(MARTIN).should(\"exist\");",
              "err": {},
              "uuid": "29e4c1dc-648a-44a1-9e3a-e6868ac2a7d4",
              "parentUUID": "17935394-b90f-40ab-abd7-7d2a63b0bb8e",
              "isHook": false,
              "skipped": false
            }
          ],
          "suites": [],
          "passes": [
            "baa62195-df20-493d-84c6-d9482c0dbc70",
            "31bcfa81-e191-4e60-b796-b2aed81a8b27",
            "71c51676-bece-4cb6-9903-8159b5f6225d",
            "29e4c1dc-648a-44a1-9e3a-e6868ac2a7d4"
          ],
          "failures": [],
          "pending": [],
          "skipped": [],
          "duration": 3803,
          "root": false,
          "rootEmpty": false,
          "_timeout": 2000
        }
      ],
      "passes": [],
      "failures": [],
      "pending": [],
      "skipped": [],
      "duration": 0,
      "root": true,
      "rootEmpty": true,
      "_timeout": 2000
    }
  ],
  "meta": {
    "mocha": {
      "version": "7.0.1"
    },
    "mochawesome": {
      "options": {
        "quiet": false,
        "reportFilename": "mochawesome",
        "saveHtml": false,
        "saveJson": true,
        "consoleReporter": "spec",
        "useInlineDiffs": false
      },
      "version": "4.1.0"
    },
    "marge": {
      "options": {
        "id": "default",
        "reportDir": "cypress/reports",
        "overwrite": false,
        "html": false,
        "json": true
      },
      "version": "4.1.0"
    }
  }
}